<?xml version="1.0" encoding="UTF-8"?>
<testng-results skipped="0" failed="1" ignored="0" total="10" passed="9">
  <reporter-output>
  </reporter-output>
  <suite name="Tutorial Ninja Test Suite" duration-ms="90049" started-at="2023-06-28T19:50:24 IST" finished-at="2023-06-28T19:51:54 IST">
    <groups>
    </groups>
    <test name="TN Test" duration-ms="90049" started-at="2023-06-28T19:50:24 IST" finished-at="2023-06-28T19:51:54 IST">
      <class name="com.tutorialsninja.qa.testcases.RegisterTest">
        <test-method status="PASS" signature="setup()[pri:0, instance:com.tutorialsninja.qa.testcases.RegisterTest@687080dc]" name="setup" is-config="true" duration-ms="9175" started-at="2023-06-28T19:50:25 IST" finished-at="2023-06-28T19:50:34 IST">
          <reporter-output>
          </reporter-output>
        </test-method> <!-- setup -->
        <test-method status="PASS" signature="fillAllFields()[pri:1, instance:com.tutorialsninja.qa.testcases.RegisterTest@687080dc]" name="fillAllFields" duration-ms="2940" started-at="2023-06-28T19:50:34 IST" finished-at="2023-06-28T19:50:37 IST">
          <reporter-output>
          </reporter-output>
        </test-method> <!-- fillAllFields -->
        <test-method status="PASS" signature="tearBrowser()[pri:0, instance:com.tutorialsninja.qa.testcases.RegisterTest@687080dc]" name="tearBrowser" is-config="true" duration-ms="853" started-at="2023-06-28T19:50:37 IST" finished-at="2023-06-28T19:50:38 IST">
          <reporter-output>
          </reporter-output>
        </test-method> <!-- tearBrowser -->
        <test-method status="PASS" signature="setup()[pri:0, instance:com.tutorialsninja.qa.testcases.RegisterTest@687080dc]" name="setup" is-config="true" duration-ms="7618" started-at="2023-06-28T19:50:38 IST" finished-at="2023-06-28T19:50:45 IST">
          <reporter-output>
          </reporter-output>
        </test-method> <!-- setup -->
        <test-method status="PASS" signature="fillManatoryFields()[pri:2, instance:com.tutorialsninja.qa.testcases.RegisterTest@687080dc]" name="fillManatoryFields" duration-ms="2264" started-at="2023-06-28T19:50:45 IST" finished-at="2023-06-28T19:50:48 IST">
          <reporter-output>
          </reporter-output>
        </test-method> <!-- fillManatoryFields -->
        <test-method status="PASS" signature="tearBrowser()[pri:0, instance:com.tutorialsninja.qa.testcases.RegisterTest@687080dc]" name="tearBrowser" is-config="true" duration-ms="747" started-at="2023-06-28T19:50:48 IST" finished-at="2023-06-28T19:50:48 IST">
          <reporter-output>
          </reporter-output>
        </test-method> <!-- tearBrowser -->
        <test-method status="PASS" signature="setup()[pri:0, instance:com.tutorialsninja.qa.testcases.RegisterTest@687080dc]" name="setup" is-config="true" duration-ms="6391" started-at="2023-06-28T19:50:48 IST" finished-at="2023-06-28T19:50:55 IST">
          <reporter-output>
          </reporter-output>
        </test-method> <!-- setup -->
        <test-method status="PASS" signature="fillExistingUserEmail()[pri:3, instance:com.tutorialsninja.qa.testcases.RegisterTest@687080dc]" name="fillExistingUserEmail" duration-ms="2168" started-at="2023-06-28T19:50:55 IST" finished-at="2023-06-28T19:50:57 IST">
          <reporter-output>
          </reporter-output>
        </test-method> <!-- fillExistingUserEmail -->
        <test-method status="PASS" signature="tearBrowser()[pri:0, instance:com.tutorialsninja.qa.testcases.RegisterTest@687080dc]" name="tearBrowser" is-config="true" duration-ms="903" started-at="2023-06-28T19:50:57 IST" finished-at="2023-06-28T19:50:58 IST">
          <reporter-output>
          </reporter-output>
        </test-method> <!-- tearBrowser -->
        <test-method status="PASS" signature="setup()[pri:0, instance:com.tutorialsninja.qa.testcases.RegisterTest@687080dc]" name="setup" is-config="true" duration-ms="7048" started-at="2023-06-28T19:50:58 IST" finished-at="2023-06-28T19:51:05 IST">
          <reporter-output>
          </reporter-output>
        </test-method> <!-- setup -->
        <test-method status="PASS" signature="emptyAllField()[pri:4, instance:com.tutorialsninja.qa.testcases.RegisterTest@687080dc]" name="emptyAllField" duration-ms="716" started-at="2023-06-28T19:51:05 IST" finished-at="2023-06-28T19:51:06 IST">
          <reporter-output>
          </reporter-output>
        </test-method> <!-- emptyAllField -->
        <test-method status="PASS" signature="tearBrowser()[pri:0, instance:com.tutorialsninja.qa.testcases.RegisterTest@687080dc]" name="tearBrowser" is-config="true" duration-ms="764" started-at="2023-06-28T19:51:06 IST" finished-at="2023-06-28T19:51:06 IST">
          <reporter-output>
          </reporter-output>
        </test-method> <!-- tearBrowser -->
      </class> <!-- com.tutorialsninja.qa.testcases.RegisterTest -->
      <class name="com.tutorialsninja.qa.testcases.SearchTest">
        <test-method status="PASS" signature="setupBrowser()[pri:0, instance:com.tutorialsninja.qa.testcases.SearchTest@74ad1f1f]" name="setupBrowser" is-config="true" duration-ms="6374" started-at="2023-06-28T19:51:29 IST" finished-at="2023-06-28T19:51:36 IST">
          <reporter-output>
          </reporter-output>
        </test-method> <!-- setupBrowser -->
        <test-method status="PASS" signature="searchProductIsValid()[pri:1, instance:com.tutorialsninja.qa.testcases.SearchTest@74ad1f1f]" name="searchProductIsValid" duration-ms="966" started-at="2023-06-28T19:51:36 IST" finished-at="2023-06-28T19:51:37 IST">
          <reporter-output>
          </reporter-output>
        </test-method> <!-- searchProductIsValid -->
        <test-method status="PASS" signature="tearOfBrowser()[pri:0, instance:com.tutorialsninja.qa.testcases.SearchTest@74ad1f1f]" name="tearOfBrowser" is-config="true" duration-ms="800" started-at="2023-06-28T19:51:37 IST" finished-at="2023-06-28T19:51:37 IST">
          <reporter-output>
          </reporter-output>
        </test-method> <!-- tearOfBrowser -->
        <test-method status="PASS" signature="setupBrowser()[pri:0, instance:com.tutorialsninja.qa.testcases.SearchTest@74ad1f1f]" name="setupBrowser" is-config="true" duration-ms="6308" started-at="2023-06-28T19:51:37 IST" finished-at="2023-06-28T19:51:44 IST">
          <reporter-output>
          </reporter-output>
        </test-method> <!-- setupBrowser -->
        <test-method status="FAIL" signature="searchProductIsInValid()[pri:2, instance:com.tutorialsninja.qa.testcases.SearchTest@74ad1f1f]" name="searchProductIsInValid" duration-ms="954" started-at="2023-06-28T19:51:44 IST" finished-at="2023-06-28T19:51:45 IST">
          <exception class="java.lang.AssertionError">
            <message>
              <![CDATA[expected [There is no product that matches the search criteria] but found [There is no product that matches the search criteria.]]]>
            </message>
            <full-stacktrace>
              <![CDATA[java.lang.AssertionError: expected [There is no product that matches the search criteria] but found [There is no product that matches the search criteria.]
at org.testng.Assert.fail(Assert.java:99)
at org.testng.Assert.failNotEquals(Assert.java:1037)
at org.testng.Assert.assertEqualsImpl(Assert.java:140)
at org.testng.Assert.assertEquals(Assert.java:122)
at org.testng.Assert.assertEquals(Assert.java:629)
at org.testng.Assert.assertEquals(Assert.java:639)
at com.tutorialsninja.qa.testcases.SearchTest.searchProductIsInValid(SearchTest.java:54)
at sun.reflect.NativeMethodAccessorImpl.invoke0(Native Method)
at sun.reflect.NativeMethodAccessorImpl.invoke(NativeMethodAccessorImpl.java:62)
at sun.reflect.DelegatingMethodAccessorImpl.invoke(DelegatingMethodAccessorImpl.java:43)
at java.lang.reflect.Method.invoke(Method.java:498)
at org.testng.internal.MethodInvocationHelper.invokeMethod(MethodInvocationHelper.java:133)
at org.testng.internal.TestInvoker.invokeMethod(TestInvoker.java:598)
at org.testng.internal.TestInvoker.invokeTestMethod(TestInvoker.java:173)
at org.testng.internal.MethodRunner.runInSequence(MethodRunner.java:46)
at org.testng.internal.TestInvoker$MethodInvocationAgent.invoke(TestInvoker.java:824)
at org.testng.internal.TestInvoker.invokeTestMethods(TestInvoker.java:146)
at org.testng.internal.TestMethodWorker.invokeTestMethods(TestMethodWorker.java:146)
at org.testng.internal.TestMethodWorker.run(TestMethodWorker.java:128)
at java.util.ArrayList.forEach(ArrayList.java:1257)
at org.testng.TestRunner.privateRun(TestRunner.java:794)
at org.testng.TestRunner.run(TestRunner.java:596)
at org.testng.SuiteRunner.runTest(SuiteRunner.java:377)
at org.testng.SuiteRunner.runSequentially(SuiteRunner.java:371)
at org.testng.SuiteRunner.privateRun(SuiteRunner.java:332)
at org.testng.SuiteRunner.run(SuiteRunner.java:276)
at org.testng.SuiteRunnerWorker.runSuite(SuiteRunnerWorker.java:53)
at org.testng.SuiteRunnerWorker.run(SuiteRunnerWorker.java:96)
at org.testng.TestNG.runSuitesSequentially(TestNG.java:1212)
at org.testng.TestNG.runSuitesLocally(TestNG.java:1134)
at org.testng.TestNG.runSuites(TestNG.java:1063)
at org.testng.TestNG.run(TestNG.java:1031)
at org.testng.remote.AbstractRemoteTestNG.run(AbstractRemoteTestNG.java:115)
at org.testng.remote.RemoteTestNG.initAndRun(RemoteTestNG.java:251)
at org.testng.remote.RemoteTestNG.main(RemoteTestNG.java:77)
]]>
            </full-stacktrace>
          </exception> <!-- java.lang.AssertionError -->
          <reporter-output>
          </reporter-output>
        </test-method> <!-- searchProductIsInValid -->
        <test-method status="PASS" signature="tearOfBrowser()[pri:0, instance:com.tutorialsninja.qa.testcases.SearchTest@74ad1f1f]" name="tearOfBrowser" is-config="true" duration-ms="912" started-at="2023-06-28T19:51:45 IST" finished-at="2023-06-28T19:51:46 IST">
          <reporter-output>
          </reporter-output>
        </test-method> <!-- tearOfBrowser -->
        <test-method status="PASS" signature="setupBrowser()[pri:0, instance:com.tutorialsninja.qa.testcases.SearchTest@74ad1f1f]" name="setupBrowser" is-config="true" duration-ms="6695" started-at="2023-06-28T19:51:46 IST" finished-at="2023-06-28T19:51:53 IST">
          <reporter-output>
          </reporter-output>
        </test-method> <!-- setupBrowser -->
        <test-method status="PASS" signature="emptySearchField()[pri:3, instance:com.tutorialsninja.qa.testcases.SearchTest@74ad1f1f]" name="emptySearchField" duration-ms="671" started-at="2023-06-28T19:51:53 IST" depends-on-methods="com.tutorialsninja.qa.testcases.SearchTest.searchProductIsValid" finished-at="2023-06-28T19:51:53 IST">
          <reporter-output>
          </reporter-output>
        </test-method> <!-- emptySearchField -->
        <test-method status="PASS" signature="tearOfBrowser()[pri:0, instance:com.tutorialsninja.qa.testcases.SearchTest@74ad1f1f]" name="tearOfBrowser" is-config="true" duration-ms="928" started-at="2023-06-28T19:51:53 IST" finished-at="2023-06-28T19:51:54 IST">
          <reporter-output>
          </reporter-output>
        </test-method> <!-- tearOfBrowser -->
      </class> <!-- com.tutorialsninja.qa.testcases.SearchTest -->
      <class name="com.tutorialsninja.qa.testcases.LoginTest">
        <test-method status="PASS" signature="setup()[pri:0, instance:com.tutorialsninja.qa.testcases.LoginTest@11758f2a]" name="setup" is-config="true" duration-ms="4968" started-at="2023-06-28T19:51:07 IST" finished-at="2023-06-28T19:51:12 IST">
          <reporter-output>
          </reporter-output>
        </test-method> <!-- setup -->
        <test-method status="PASS" signature="verifyLoginWithValidCredentials(java.lang.String,java.lang.String)[pri:1, instance:com.tutorialsninja.qa.testcases.LoginTest@11758f2a]" name="verifyLoginWithValidCredentials" duration-ms="1165" started-at="2023-06-28T19:51:12 IST" data-provider="validCredentialsForLogin" finished-at="2023-06-28T19:51:13 IST">
          <params>
            <param index="0">
              <value>
                <![CDATA[praveenvlr3@gmail.com]]>
              </value>
            </param>
            <param index="1">
              <value>
                <![CDATA[12345]]>
              </value>
            </param>
          </params>
          <reporter-output>
          </reporter-output>
        </test-method> <!-- verifyLoginWithValidCredentials -->
        <test-method status="PASS" signature="tearBrowser()[pri:0, instance:com.tutorialsninja.qa.testcases.LoginTest@11758f2a]" name="tearBrowser" is-config="true" duration-ms="776" started-at="2023-06-28T19:51:13 IST" finished-at="2023-06-28T19:51:14 IST">
          <reporter-output>
          </reporter-output>
        </test-method> <!-- tearBrowser -->
        <test-method status="PASS" signature="setup()[pri:0, instance:com.tutorialsninja.qa.testcases.LoginTest@11758f2a]" name="setup" is-config="true" duration-ms="4897" started-at="2023-06-28T19:51:14 IST" finished-at="2023-06-28T19:51:19 IST">
          <reporter-output>
          </reporter-output>
        </test-method> <!-- setup -->
        <test-method status="PASS" signature="verifyLoginWithValidCredentials(java.lang.String,java.lang.String)[pri:1, instance:com.tutorialsninja.qa.testcases.LoginTest@11758f2a]" name="verifyLoginWithValidCredentials" duration-ms="1199" started-at="2023-06-28T19:51:19 IST" data-provider="validCredentialsForLogin" finished-at="2023-06-28T19:51:20 IST">
          <params>
            <param index="0">
              <value>
                <![CDATA[praveenkumarrpt3@gmail.com]]>
              </value>
            </param>
            <param index="1">
              <value>
                <![CDATA[12345]]>
              </value>
            </param>
          </params>
          <reporter-output>
          </reporter-output>
        </test-method> <!-- verifyLoginWithValidCredentials -->
        <test-method status="PASS" signature="tearBrowser()[pri:0, instance:com.tutorialsninja.qa.testcases.LoginTest@11758f2a]" name="tearBrowser" is-config="true" duration-ms="775" started-at="2023-06-28T19:51:20 IST" finished-at="2023-06-28T19:51:21 IST">
          <reporter-output>
          </reporter-output>
        </test-method> <!-- tearBrowser -->
        <test-method status="PASS" signature="setup()[pri:0, instance:com.tutorialsninja.qa.testcases.LoginTest@11758f2a]" name="setup" is-config="true" duration-ms="5459" started-at="2023-06-28T19:51:21 IST" finished-at="2023-06-28T19:51:26 IST">
          <reporter-output>
          </reporter-output>
        </test-method> <!-- setup -->
        <test-method status="PASS" signature="verifyLoginWithValidCredentials(java.lang.String,java.lang.String)[pri:1, instance:com.tutorialsninja.qa.testcases.LoginTest@11758f2a]" name="verifyLoginWithValidCredentials" duration-ms="2072" started-at="2023-06-28T19:51:26 IST" data-provider="validCredentialsForLogin" finished-at="2023-06-28T19:51:29 IST">
          <params>
            <param index="0">
              <value>
                <![CDATA[praveenvlr3ui@gmail.com]]>
              </value>
            </param>
            <param index="1">
              <value>
                <![CDATA[12345]]>
              </value>
            </param>
          </params>
          <reporter-output>
          </reporter-output>
        </test-method> <!-- verifyLoginWithValidCredentials -->
        <test-method status="PASS" signature="tearBrowser()[pri:0, instance:com.tutorialsninja.qa.testcases.LoginTest@11758f2a]" name="tearBrowser" is-config="true" duration-ms="755" started-at="2023-06-28T19:51:29 IST" finished-at="2023-06-28T19:51:29 IST">
          <reporter-output>
          </reporter-output>
        </test-method> <!-- tearBrowser -->
      </class> <!-- com.tutorialsninja.qa.testcases.LoginTest -->
    </test> <!-- TN Test -->
  </suite> <!-- Tutorial Ninja Test Suite -->
</testng-results>
